Evaluating file sde_dvs.cmd
---> (sde:clear)
#t
---> (sdegeo:set-default-boolean ABA)
"ABA"
---> (define dopingmodel uniform)
dopingmodel
---> (define CellMaterial Silicon)
CellMaterial
---> (define ARCMaterial Si3N4)
ARCMaterial
---> (define shuntmat Metal)
shuntmat
---> (define Wcontact 5)
Wcontact
---> (define L 50)
L
---> (define WSi 300)
WSi
---> (define Wem 0.6)
Wem
---> (define err_flag 0)
err_flag
---> (define tSiNx 0.075)
tSiNx
---> (define shuntw 0.01)
shuntw
---> (define dshunt1 20)
dshunt1
---> (define shunt1_pos_x1 (+ Wcontact (/ (- L Wcontact) 2)))
shunt1_pos_x1
---> (define shunt1_pos_x2 (+ (+ Wcontact (/ (- L Wcontact) 2)) shuntw))
shunt1_pos_x2
---> (display shunt1_pos_x1)

---> (define em_doping 1e+19)
em_doping
---> (define base_doping 1e+16)
base_doping
---> (define xmax 10)
xmax
---> (define xmin 0.1)
xmin
---> (define ymax 1)
ymax
---> (define ymin 0.1)
ymin
---> (define OptGenFile ./input_optical_generation3.plx)
OptGenFile
---> (define ShuntCondFile ./conductivity_test.plx)
ShuntCondFile
---> (sdegeo:create-rectangle (position Wcontact 0 0) (position L (- tSiNx) 0) ARCMaterial SiNx-region)
#[body 9 1]
---> (cond ((string=? dopingmodel uniform) (begin (newline) (display Using an uniform doping profile) (newline) (sdegeo:create-rectangle (position 0 0 0) (position L Wem 0) CellMaterial Si-profile-region) (sdegeo:create-rectangle (position 0 Wem 0) (position L WSi 0) CellMaterial Si-base-region) (sdedr:define-constant-profile emitter-profile BoronActiveConcentration em_doping) (sdedr:define-constant-profile-region em-doping-placement emitter-profile Si-profile-region) (sdedr:define-constant-profile base-doping-profile PhosphorusActiveConcentration base_doping) (sdedr:define-constant-profile-region base-doping-placement base-doping-profile Si-base-region))) ((string=? dopingmodel erf) (begin (display Using an error function doping profile) (newline) (sdegeo:create-rectangle (position 0 0 0) (position L WSi 0) CellMaterial Si-profile-region) (sdedr:define-erf-profile emitter-profile BoronActiveConcentration SymPos 0.0 MaxVal (* 2 em_doping) Length 0.2 erf factor 1) (sdedr:define-refinement-window em-doping-window line (position 0 0 0) (position L 0 0)) (sdedr:define-analytical-profile-placement em-doping-placement emitter-profile em-doping-window) (sdedr:define-constant-profile base-doping-profile PhosphorusActiveConcentration base_doping) (sdedr:define-constant-profile-region base-doping-placement base-doping-profile Si-profile-region))))
#t
---> (display dshunt1)

---> (display 
)

---> (if #f (begin (system:command exit()) (if (= dshunt1 0) (begin err_flag=err_flag+1))))
()
---> (call-with-output-file errfile.txt (lambda (file) (write 0 file)))

---> (sdegeo:create-rectangle (position shunt1_pos_x1 0 0) (position shunt1_pos_x2 dshunt1 0) shuntmat shunt1_region)
#[body 12 1]
---> (sdedr:define-1d-external-profile shunt_cond ShuntCondFile Scale 1.0 Range 0 dshunt1 Erf Factor 0)
#t
---> (sdedr:define-refeval-window shunt1_region Line (position shunt1_pos_x1 0 0) (position shunt1_pos_x2 0 0))
#[body 13 1]
---> (sdedr:define-analytical-profile-placement shunt1_placement shunt_cond shunt1_region Positive Replace Eval  0.0 evalwin)
#t
---> (sdegeo:insert-vertex (position 0 0 0))
()
---> (sdegeo:insert-vertex (position Wcontact 0 0))
()
---> (sdegeo:define-contact-set em_contact 4 (color:rgb 1 0 0) ##)
()
---> (sdegeo:set-current-contact-set em_contact)
""
---> (sdegeo:define-2d-contact (find-edge-id (position (* Wcontact 0.5) 0 0)) em_contact)
()
---> (sdegeo:insert-vertex (position 0 WSi 0))
()
---> (sdegeo:insert-vertex (position L WSi 0))
()
---> (sdegeo:define-contact-set base_contact 4 (color:rgb 1 0 0) ##)
()
---> (sdegeo:set-current-contact-set base_contact)
"em_contact"
---> (sdegeo:define-2d-contact (find-edge-id (position (* L 0.5) WSi 0)) base_contact)
()
---> (sdedr:define-refinement-window opt_win Line (position (* Wcontact 0.8) 0 0) (position L 0 0))
#[body 43 1]
---> (sdedr:define-1d-external-profile 1d_opt_def OptGenFile Scale 1.0 Range 0 WSi Erf Length 0)
#t
---> (sdedr:define-analytical-profile-placement opt_place 1d_opt_def opt_win Positive Replace Eval)
#t
---> (sdedr:define-refeval-window domain-ref Rectangle (position 0 (- tSiNx) 0) (position L WSi 0))
#[body 44 1]
---> (sdedr:define-refinement-size domain-ref-size xmax ymax xmin ymin)
#t
---> (sdedr:define-refinement-placement domain-ref-pl domain-ref-size domain-ref)
#t
---> (if (string=? dopingmodel uniform) (begin (sdedr:define-refeval-window junction-ref Rectangle (position 0 (- Wem 0.05) 0) (position L (+ Wem 0.05) 0)) (sdedr:define-refinement-size junction-ref-size (/ xmax 10) (/ ymax 10) (/ xmin 10) (/ ymin 10)) (sdedr:define-refinement-placement junction-ref-pl junction-ref-size junction-ref)))
#t
---> (sdedr:define-refeval-window junction-ref Rectangle (position 0 0 0) (position L 1.2 0))
#f
---> (sdedr:define-refinement-size junction-ref-size (/ xmax 100) (/ ymax 100) (/ xmin 100) (/ ymin 100))
#t
---> (sdedr:define-refinement-placement junction-ref-pl junction-ref-size junction-ref)
#t
---> (sdedr:define-refeval-window shunt1_refine_window Rectangle (position (- shunt1_pos_x1 0.05) 0 0) (position (+ shunt1_pos_x2 0.05) (+ dshunt1 0.05) 0))
#[body 46 1]
---> (sdedr:define-refinement-size shunt-ref-size (/ xmax 20) (/ ymax 20) (/ xmin 20) (/ ymin 20))
#t
---> (sdedr:define-refinement-placement shunt-ref-pl shunt-ref-size shunt1_refine_window)
#t
---> (sde:build-mesh snmesh -a -c boxmethod nodnum1)
#t
---> #[end-of-file]
"************************************************************************"
"Sentaurus Structure Editor "
"Start Time:    Wed Feb 19 18:51:24 2020"
"End   Time:    Wed Feb 19 18:51:38 2020"
"Total Execution Time (sec):    14"
"Total System calls Time (sec): 0"
"************************************************************************"
