###########################################
# Sentaurus Visual K-2015.06-SP1.
# Tcl log file.
#------------------------------------------
# Date: Feb 19, 2020. 19:36:40.
# Version: 24.0.10 (1.10)
# Mode: Interactive (GUI).
# Hostname: ieng6-702.ucsd.edu.
# Machine: Linux, x86_64, x86_64.
# Kernel: 3.10.0-1062.9.1.el7.x86_64.
###########################################

load_file /home/linux/ieng6/na299x/na299x/DB/Guillaume/cell_AlBSF/Al_BSF/nodnum1_msh.tdr
create_plot -dataset nodnum1_msh
select_plots Plot_nodnum1_msh
#-> Plot_nodnum1_msh
#-> Plot_nodnum1_msh
#-> nodnum1_msh
set_field_prop -plot Plot_nodnum1_msh -geom nodnum1_msh MetalConductivity -show_bands
#-> 0
load_file /home/linux/ieng6/na299x/na299x/DB/Guillaume/cell_AlBSF/Al_BSF/20200217_1e-8mseg_1umdefaultshunt2/n_t0_msh.tdr
create_plot -dataset n_t0_msh
select_plots Plot_n_t0_msh
#-> Plot_n_t0_msh
#-> Plot_n_t0_msh
#-> n_t0_msh
set_plot_prop -plot Plot_nodnum1_msh -hide
#-> 0
zoom_plot -plot Plot_n_t0_msh -window {81.1846 35.0245 -15.8129 -12.6522}
zoom_plot -plot Plot_n_t0_msh -window {36.1805 6.1573 22.3724 -4.75279}
zoom_plot -plot Plot_n_t0_msh -window {28.5079 1.8235 25.9379 -0.82213}
set_field_prop -plot Plot_n_t0_msh -geom n_t0_msh MetalConductivity -show_bands
#-> 0
zoom_plot -plot Plot_n_t0_msh -window {27.2748 -0.156139 27.8125 1.15751}
exit 0
